c:\users\adipopa\babes-bolyai\year1\object-oriented-programming\lab9-threshold-ruminations\lab9-threshold-ruminations\debug\vc141.pdb
c:\users\adipopa\babes-bolyai\year1\object-oriented-programming\lab9-threshold-ruminations\lab9-threshold-ruminations\debug\vc141.idb
c:\users\adipopa\babes-bolyai\year1\object-oriented-programming\lab9-threshold-ruminations\lab9-threshold-ruminations\debug\testing.obj
c:\users\adipopa\babes-bolyai\year1\object-oriented-programming\lab9-threshold-ruminations\lab9-threshold-ruminations\debug\source.obj
c:\users\adipopa\babes-bolyai\year1\object-oriented-programming\lab9-threshold-ruminations\lab9-threshold-ruminations\debug\recordingvalidator.obj
c:\users\adipopa\babes-bolyai\year1\object-oriented-programming\lab9-threshold-ruminations\lab9-threshold-ruminations\debug\recordingrepository.obj
c:\users\adipopa\babes-bolyai\year1\object-oriented-programming\lab9-threshold-ruminations\lab9-threshold-ruminations\debug\recordingfilerepository.obj
c:\users\adipopa\babes-bolyai\year1\object-oriented-programming\lab9-threshold-ruminations\lab9-threshold-ruminations\debug\recordingcontroller.obj
c:\users\adipopa\babes-bolyai\year1\object-oriented-programming\lab9-threshold-ruminations\lab9-threshold-ruminations\debug\recording.obj
c:\users\adipopa\babes-bolyai\year1\object-oriented-programming\lab9-threshold-ruminations\lab9-threshold-ruminations\debug\console.obj
c:\users\adipopa\babes-bolyai\year1\object-oriented-programming\lab9-threshold-ruminations\lab9-threshold-ruminations\debug\recordingfakerepository.obj
c:\users\adipopa\babes-bolyai\year1\object-oriented-programming\lab9-threshold-ruminations\lab9-threshold-ruminations\debug\recordingfakevalidator.obj
c:\users\adipopa\babes-bolyai\year1\object-oriented-programming\lab9-threshold-ruminations\debug\lab9-threshold-ruminations.exe
c:\users\adipopa\babes-bolyai\year1\object-oriented-programming\lab9-threshold-ruminations\debug\lab9-threshold-ruminations.ilk
c:\users\adipopa\babes-bolyai\year1\object-oriented-programming\lab9-threshold-ruminations\debug\lab9-threshold-ruminations.pdb
c:\users\adipopa\babes-bolyai\year1\object-oriented-programming\lab9-threshold-ruminations\lab9-threshold-ruminations\debug\lab9-thr.b7929429.tlog\cl.command.1.tlog
c:\users\adipopa\babes-bolyai\year1\object-oriented-programming\lab9-threshold-ruminations\lab9-threshold-ruminations\debug\lab9-thr.b7929429.tlog\cl.read.1.tlog
c:\users\adipopa\babes-bolyai\year1\object-oriented-programming\lab9-threshold-ruminations\lab9-threshold-ruminations\debug\lab9-thr.b7929429.tlog\cl.write.1.tlog
c:\users\adipopa\babes-bolyai\year1\object-oriented-programming\lab9-threshold-ruminations\lab9-threshold-ruminations\debug\lab9-thr.b7929429.tlog\link.command.1.tlog
c:\users\adipopa\babes-bolyai\year1\object-oriented-programming\lab9-threshold-ruminations\lab9-threshold-ruminations\debug\lab9-thr.b7929429.tlog\link.read.1.tlog
c:\users\adipopa\babes-bolyai\year1\object-oriented-programming\lab9-threshold-ruminations\lab9-threshold-ruminations\debug\lab9-thr.b7929429.tlog\link.write.1.tlog
