c:\users\adipopa\babes-bolyai\year1\object-oriented-programming\lab4-marooned\lab4-marooned\debug\vc141.pdb
c:\users\adipopa\babes-bolyai\year1\object-oriented-programming\lab4-marooned\lab4-marooned\debug\vc141.idb
c:\users\adipopa\babes-bolyai\year1\object-oriented-programming\lab4-marooned\lab4-marooned\debug\source.obj
c:\users\adipopa\babes-bolyai\year1\object-oriented-programming\lab4-marooned\lab4-marooned\debug\signalvalidator.obj
c:\users\adipopa\babes-bolyai\year1\object-oriented-programming\lab4-marooned\lab4-marooned\debug\signalrepository.obj
c:\users\adipopa\babes-bolyai\year1\object-oriented-programming\lab4-marooned\lab4-marooned\debug\signalcontroller.obj
c:\users\adipopa\babes-bolyai\year1\object-oriented-programming\lab4-marooned\lab4-marooned\debug\signal.obj
c:\users\adipopa\babes-bolyai\year1\object-oriented-programming\lab4-marooned\lab4-marooned\debug\operation.obj
c:\users\adipopa\babes-bolyai\year1\object-oriented-programming\lab4-marooned\lab4-marooned\debug\historycontroller.obj
c:\users\adipopa\babes-bolyai\year1\object-oriented-programming\lab4-marooned\lab4-marooned\debug\dynamicarray.obj
c:\users\adipopa\babes-bolyai\year1\object-oriented-programming\lab4-marooned\lab4-marooned\debug\console.obj
c:\users\adipopa\babes-bolyai\year1\object-oriented-programming\lab4-marooned\debug\lab4-marooned.ilk
c:\users\adipopa\babes-bolyai\year1\object-oriented-programming\lab4-marooned\debug\lab4-marooned.exe
c:\users\adipopa\babes-bolyai\year1\object-oriented-programming\lab4-marooned\debug\lab4-marooned.pdb
c:\users\adipopa\babes-bolyai\year1\object-oriented-programming\lab4-marooned\lab4-marooned\debug\lab4-marooned.tlog\cl.command.1.tlog
c:\users\adipopa\babes-bolyai\year1\object-oriented-programming\lab4-marooned\lab4-marooned\debug\lab4-marooned.tlog\cl.read.1.tlog
c:\users\adipopa\babes-bolyai\year1\object-oriented-programming\lab4-marooned\lab4-marooned\debug\lab4-marooned.tlog\cl.write.1.tlog
c:\users\adipopa\babes-bolyai\year1\object-oriented-programming\lab4-marooned\lab4-marooned\debug\lab4-marooned.tlog\link.command.1.tlog
c:\users\adipopa\babes-bolyai\year1\object-oriented-programming\lab4-marooned\lab4-marooned\debug\lab4-marooned.tlog\link.read.1.tlog
c:\users\adipopa\babes-bolyai\year1\object-oriented-programming\lab4-marooned\lab4-marooned\debug\lab4-marooned.tlog\link.write.1.tlog
